[09/Mar/2021:13:21:37 +0100] [upstream] Upstream starting: /usr/alwaysdata/uwsgi/2.0.18/bin/uwsgi --ini /home/rgmsolutions/admin/config/uwsgi/628300.conf (env: {'HOME': '/home/rgmsolutions', 'LANG': 'en_US.UTF-8', 'LC_ALL': 'en_US.UTF-8', 'PATH': '/home/rgmsolutions/.local/bin:/home/rgmsolutions/.gem/ruby/2.7.0/bin:/home/rgmsolutions/.composer/vendor/bin:/home/rgmsolutions/.npm-packages/bin:/usr/local/bin:/usr/bin:/bin', 'TMPDIR': '/home/rgmsolutions/admin/tmp', 'PYTHONHOME': '/usr/alwaysdata/python/3.8.6/', 'LD_LIBRARY_PATH': '/usr/alwaysdata/python/3.8.6/lib/'}, cwd: /home/rgmsolutions/)
[09/Mar/2021:13:21:37 +0100] [upstream] Upstream started PID: 2154793
[09/Mar/2021:13:21:37 +0100] [upstream] [2154793] STDERR: [uWSGI] getting INI configuration from /home/rgmsolutions/admin/config/uwsgi/628300.conf
[09/Mar/2021:13:21:38 +0100] [upstream] Upstream starting failed: /usr/alwaysdata/uwsgi/2.0.18/bin/uwsgi --ini /home/rgmsolutions/admin/config/uwsgi/628300.conf (return code: 22 | reason: -)
[09/Mar/2021:13:21:39 +0100] [upstream] Upstream starting: /usr/alwaysdata/uwsgi/2.0.18/bin/uwsgi --ini /home/rgmsolutions/admin/config/uwsgi/628300.conf (env: {'HOME': '/home/rgmsolutions', 'LANG': 'en_US.UTF-8', 'LC_ALL': 'en_US.UTF-8', 'PATH': '/home/rgmsolutions/.local/bin:/home/rgmsolutions/.gem/ruby/2.7.0/bin:/home/rgmsolutions/.composer/vendor/bin:/home/rgmsolutions/.npm-packages/bin:/usr/local/bin:/usr/bin:/bin', 'TMPDIR': '/home/rgmsolutions/admin/tmp', 'PYTHONHOME': '/usr/alwaysdata/python/3.8.6/', 'LD_LIBRARY_PATH': '/usr/alwaysdata/python/3.8.6/lib/'}, cwd: /home/rgmsolutions/)
[09/Mar/2021:13:21:39 +0100] [upstream] Upstream started PID: 2155188
[09/Mar/2021:13:21:39 +0100] [upstream] [2155188] STDERR: [uWSGI] getting INI configuration from /home/rgmsolutions/admin/config/uwsgi/628300.conf
[09/Mar/2021:13:21:40 +0100] [upstream] Upstream starting failed: /usr/alwaysdata/uwsgi/2.0.18/bin/uwsgi --ini /home/rgmsolutions/admin/config/uwsgi/628300.conf (return code: 22 | reason: -)
[09/Mar/2021:13:21:41 +0100] [upstream] Upstream /usr/alwaysdata/uwsgi/2.0.18/bin/uwsgi --ini /home/rgmsolutions/admin/config/uwsgi/628300.conf previously failed to start, will not start again until 13:21:42
[09/Mar/2021:13:21:47 +0100] [upstream] Upstream starting: /usr/alwaysdata/uwsgi/2.0.18/bin/uwsgi --ini /home/rgmsolutions/admin/config/uwsgi/628300.conf (env: {'HOME': '/home/rgmsolutions', 'LANG': 'en_US.UTF-8', 'LC_ALL': 'en_US.UTF-8', 'PATH': '/home/rgmsolutions/.local/bin:/home/rgmsolutions/.gem/ruby/2.7.0/bin:/home/rgmsolutions/.composer/vendor/bin:/home/rgmsolutions/.npm-packages/bin:/usr/local/bin:/usr/bin:/bin', 'TMPDIR': '/home/rgmsolutions/admin/tmp', 'PYTHONHOME': '/usr/alwaysdata/python/3.8.6/', 'LD_LIBRARY_PATH': '/usr/alwaysdata/python/3.8.6/lib/'}, cwd: /home/rgmsolutions/)
[09/Mar/2021:13:21:47 +0100] [upstream] Upstream started PID: 2156112
[09/Mar/2021:13:21:47 +0100] [upstream] [2156112] STDERR: [uWSGI] getting INI configuration from /home/rgmsolutions/admin/config/uwsgi/628300.conf
[09/Mar/2021:13:21:48 +0100] [upstream] Upstream starting failed: /usr/alwaysdata/uwsgi/2.0.18/bin/uwsgi --ini /home/rgmsolutions/admin/config/uwsgi/628300.conf (return code: 22 | reason: -)
[09/Mar/2021:13:21:50 +0100] [upstream] Upstream /usr/alwaysdata/uwsgi/2.0.18/bin/uwsgi --ini /home/rgmsolutions/admin/config/uwsgi/628300.conf previously failed to start, will not start again until 13:21:52
[09/Mar/2021:13:21:55 +0100] [upstream] Upstream starting: /usr/alwaysdata/uwsgi/2.0.18/bin/uwsgi --ini /home/rgmsolutions/admin/config/uwsgi/628300.conf (env: {'HOME': '/home/rgmsolutions', 'LANG': 'en_US.UTF-8', 'LC_ALL': 'en_US.UTF-8', 'PATH': '/home/rgmsolutions/.local/bin:/home/rgmsolutions/.gem/ruby/2.7.0/bin:/home/rgmsolutions/.composer/vendor/bin:/home/rgmsolutions/.npm-packages/bin:/usr/local/bin:/usr/bin:/bin', 'TMPDIR': '/home/rgmsolutions/admin/tmp', 'PYTHONHOME': '/usr/alwaysdata/python/3.8.6/', 'LD_LIBRARY_PATH': '/usr/alwaysdata/python/3.8.6/lib/'}, cwd: /home/rgmsolutions/)
[09/Mar/2021:13:21:55 +0100] [upstream] Upstream started PID: 2157282
[09/Mar/2021:13:21:55 +0100] [upstream] [2157282] STDERR: [uWSGI] getting INI configuration from /home/rgmsolutions/admin/config/uwsgi/628300.conf
[09/Mar/2021:13:21:56 +0100] [upstream] Upstream starting failed: /usr/alwaysdata/uwsgi/2.0.18/bin/uwsgi --ini /home/rgmsolutions/admin/config/uwsgi/628300.conf (return code: 22 | reason: -)
[09/Mar/2021:13:23:15 +0100] [upstream] Upstream starting: /usr/alwaysdata/uwsgi/2.0.18/bin/uwsgi --ini /home/rgmsolutions/admin/config/uwsgi/628300.conf (env: {'HOME': '/home/rgmsolutions', 'LANG': 'en_US.UTF-8', 'LC_ALL': 'en_US.UTF-8', 'PATH': '/home/rgmsolutions/.local/bin:/home/rgmsolutions/.gem/ruby/2.7.0/bin:/home/rgmsolutions/.composer/vendor/bin:/home/rgmsolutions/.npm-packages/bin:/usr/local/bin:/usr/bin:/bin', 'TMPDIR': '/home/rgmsolutions/admin/tmp', 'PYTHONHOME': '/usr/alwaysdata/python/3.8.6/', 'LD_LIBRARY_PATH': '/usr/alwaysdata/python/3.8.6/lib/'}, cwd: /home/rgmsolutions/)
[09/Mar/2021:13:23:15 +0100] [upstream] Upstream started PID: 2166995
[09/Mar/2021:13:23:15 +0100] [upstream] [2166995] STDERR: [uWSGI] getting INI configuration from /home/rgmsolutions/admin/config/uwsgi/628300.conf
[09/Mar/2021:13:23:16 +0100] [upstream] Upstream starting failed: /usr/alwaysdata/uwsgi/2.0.18/bin/uwsgi --ini /home/rgmsolutions/admin/config/uwsgi/628300.conf (return code: 22 | reason: -)
[09/Mar/2021:13:23:18 +0100] [upstream] Upstream starting: /usr/alwaysdata/uwsgi/2.0.18/bin/uwsgi --ini /home/rgmsolutions/admin/config/uwsgi/628300.conf (env: {'HOME': '/home/rgmsolutions', 'LANG': 'en_US.UTF-8', 'LC_ALL': 'en_US.UTF-8', 'PATH': '/home/rgmsolutions/.local/bin:/home/rgmsolutions/.gem/ruby/2.7.0/bin:/home/rgmsolutions/.composer/vendor/bin:/home/rgmsolutions/.npm-packages/bin:/usr/local/bin:/usr/bin:/bin', 'TMPDIR': '/home/rgmsolutions/admin/tmp', 'PYTHONHOME': '/usr/alwaysdata/python/3.8.6/', 'LD_LIBRARY_PATH': '/usr/alwaysdata/python/3.8.6/lib/'}, cwd: /home/rgmsolutions/)
[09/Mar/2021:13:23:18 +0100] [upstream] Upstream started PID: 2167321
[09/Mar/2021:13:23:18 +0100] [upstream] [2167321] STDERR: [uWSGI] getting INI configuration from /home/rgmsolutions/admin/config/uwsgi/628300.conf
[09/Mar/2021:13:23:19 +0100] [upstream] Upstream starting failed: /usr/alwaysdata/uwsgi/2.0.18/bin/uwsgi --ini /home/rgmsolutions/admin/config/uwsgi/628300.conf (return code: 22 | reason: -)
[09/Mar/2021:13:23:19 +0100] [upstream] Upstream /usr/alwaysdata/uwsgi/2.0.18/bin/uwsgi --ini /home/rgmsolutions/admin/config/uwsgi/628300.conf previously failed to start, will not start again until 13:23:21
